<?xml version="1.0" encoding="UTF-8"?>
<!-- Generated by org.testng.reporters.JUnitXMLReporter -->
<testsuite hostname="panchhi" name="Command line test 2eedf27e-1331-4ddb-a558-5e2d35873c2c" tests="2" failures="0" timestamp="7 Jan 2018 14:16:44 GMT" time="185.411" errors="0">
  <testcase name="TestCase1" time="31.814" classname="test_scripts.TC01"/>
  <testcase name="TestCase2" time="37.789" classname="test_scripts.TC02"/>
</testsuite> <!-- Command line test 2eedf27e-1331-4ddb-a558-5e2d35873c2c -->
